<?xml version="1.0" encoding="UTF-8"?>
<testng-results ignored="0" total="1" passed="1" failed="0" skipped="0">
  <reporter-output>
  </reporter-output>
  <suite started-at="2021-12-10T14:32:34 IST" name="Default suite" finished-at="2021-12-10T14:32:34 IST" duration-ms="193">
    <groups>
    </groups>
    <test started-at="2021-12-10T14:32:34 IST" name="Default test" finished-at="2021-12-10T14:32:34 IST" duration-ms="193">
      <class name="com.crm.practice.practice">
        <test-method signature="demo()[pri:0, instance:com.crm.practice.practice@5136d012]" started-at="2021-12-10T14:32:34 IST" name="demo" finished-at="2021-12-10T14:32:34 IST" duration-ms="27" status="PASS">
          <reporter-output>
          </reporter-output>
        </test-method> <!-- demo -->
      </class> <!-- com.crm.practice.practice -->
    </test> <!-- Default test -->
  </suite> <!-- Default suite -->
</testng-results>
